2020-01-15 11:51:10,988 [Thread-2: 13828]C:\ProgramData\Anaconda3\lib\site-packages\django\core\servers\basehttp.py:log_message:124 INFO - "POST /gonghang/ HTTP/1.1" 200 14
2020-01-15 11:53:37,415 [Thread-2: 17296]C:\ProgramData\Anaconda3\lib\site-packages\django\core\servers\basehttp.py:log_message:124 INFO - "POST /gonghang/ HTTP/1.1" 200 14
2020-01-15 11:53:43,136 [Thread-3: 16824]C:\ProgramData\Anaconda3\lib\site-packages\django\core\servers\basehttp.py:log_message:124 INFO - "POST /gonghang/ HTTP/1.1" 200 14
2020-01-15 11:54:13,171 [Thread-4: 6004]C:\ProgramData\Anaconda3\lib\site-packages\django\core\servers\basehttp.py:log_message:124 INFO - "POST /gonghang/ HTTP/1.1" 200 14
2020-01-15 13:39:11,188 [Thread-2: 17000]C:\Users\Administrator\PycharmProjects\riskcontrol\Gonghangguize\ghrule\views.py:post:63 INFO - hellll
2020-01-15 13:39:11,432 [Thread-2: 17000]C:\Users\Administrator\PycharmProjects\riskcontrol\Gonghangguize\ghrule\views.py:post:71 INFO - 4000
2020-01-15 13:39:12,767 [Thread-2: 17000]C:\ProgramData\Anaconda3\lib\site-packages\django\core\servers\basehttp.py:log_message:124 INFO - "POST /gonghang/ HTTP/1.1" 200 14
2020-01-15 13:41:06,760 [Thread-2: 7572]C:\Users\Administrator\PycharmProjects\riskcontrol\Gonghangguize\ghrule\views.py:post:62 INFO - {'full_name': '王小勤', 'id_no': '512930196808086983', 'id_type': 0}
2020-01-15 13:41:06,761 [Thread-2: 7572]C:\Users\Administrator\PycharmProjects\riskcontrol\Gonghangguize\ghrule\views.py:post:64 INFO - hellll
2020-01-15 13:41:07,027 [Thread-2: 7572]C:\Users\Administrator\PycharmProjects\riskcontrol\Gonghangguize\ghrule\views.py:post:72 INFO - 4000
2020-01-15 13:41:09,766 [Thread-2: 7572]C:\ProgramData\Anaconda3\lib\site-packages\django\core\servers\basehttp.py:log_message:124 INFO - "POST /gonghang/ HTTP/1.1" 200 14
2020-01-15 13:44:49,391 [Thread-2: 8908]C:\Users\Administrator\PycharmProjects\riskcontrol\Gonghangguize\ghrule\views.py:post:46 INFO - {'full_name': '王小勤', 'id_no': '512930196808086983', 'id_type': 0}
2020-01-15 13:44:49,391 [Thread-2: 8908]C:\Users\Administrator\PycharmProjects\riskcontrol\Gonghangguize\ghrule\views.py:post:65 INFO - hellll
2020-01-15 13:44:49,629 [Thread-2: 8908]C:\Users\Administrator\PycharmProjects\riskcontrol\Gonghangguize\ghrule\views.py:post:73 INFO - 4000
2020-01-15 13:44:49,630 [Thread-2: 8908]C:\ProgramData\Anaconda3\lib\site-packages\django\core\servers\basehttp.py:log_message:124 INFO - "POST /gonghang/ HTTP/1.1" 200 14
2020-01-15 13:45:30,539 [Thread-2: 696]C:\Users\Administrator\PycharmProjects\riskcontrol\Gonghangguize\ghrule\views.py:post:46 INFO - {'full_name': '王小勤', 'id_no': '512930196808086983', 'id_type': 0}
2020-01-15 13:45:30,539 [Thread-2: 696]C:\Users\Administrator\PycharmProjects\riskcontrol\Gonghangguize\ghrule\views.py:post:65 INFO - hellll
2020-01-15 13:45:30,601 [Thread-2: 696]C:\Users\Administrator\PycharmProjects\riskcontrol\Gonghangguize\ghrule\views.py:post:80 INFO - 错误的信息
2020-01-15 13:45:31,627 [Thread-2: 696]C:\ProgramData\Anaconda3\lib\site-packages\django\core\servers\basehttp.py:log_message:124 INFO - "POST /gonghang/ HTTP/1.1" 200 16
2020-01-15 14:46:25,164 [Thread-2: 15824]C:\Users\Administrator\PycharmProjects\riskcontrol\Gonghangguize\ghrule\views.py:post:46 INFO - {'full_name': '王小勤', 'id_no': '512930196808086983', 'id_type': 0}
2020-01-15 14:46:25,165 [Thread-2: 15824]C:\Users\Administrator\PycharmProjects\riskcontrol\Gonghangguize\ghrule\views.py:post:65 INFO - hellll
2020-01-15 14:46:25,436 [Thread-2: 15824]C:\Users\Administrator\PycharmProjects\riskcontrol\Gonghangguize\ghrule\views.py:post:73 INFO - 4000
2020-01-15 14:46:25,436 [Thread-2: 15824]C:\ProgramData\Anaconda3\lib\site-packages\django\core\servers\basehttp.py:log_message:124 INFO - "POST /gonghang/ HTTP/1.1" 200 14
2020-01-15 15:27:32,502 [Thread-2: 14208]C:\Users\Administrator\PycharmProjects\riskcontrol\Gonghangguize\ghrule\views.py:post:47 INFO - {'full_name': '王小勤', 'id_no': '512930196808086983', 'id_type': 0}
2020-01-15 15:27:32,503 [Thread-2: 14208]C:\Users\Administrator\PycharmProjects\riskcontrol\Gonghangguize\ghrule\views.py:post:66 INFO - hellll
2020-01-15 15:27:32,758 [Thread-2: 14208]C:\Users\Administrator\PycharmProjects\riskcontrol\Gonghangguize\ghrule\views.py:post:74 INFO - 4000
2020-01-15 15:27:32,759 [Thread-2: 14208]C:\ProgramData\Anaconda3\lib\site-packages\django\core\servers\basehttp.py:log_message:124 INFO - "POST /gonghang/ HTTP/1.1" 200 14
2020-01-15 15:27:35,323 [Thread-3: 7228]C:\Users\Administrator\PycharmProjects\riskcontrol\Gonghangguize\ghrule\views.py:post:47 INFO - {'full_name': '王小勤', 'id_no': '512930196808086983', 'id_type': 0}
2020-01-15 15:27:35,323 [Thread-3: 7228]C:\Users\Administrator\PycharmProjects\riskcontrol\Gonghangguize\ghrule\views.py:post:66 INFO - hellll
2020-01-15 15:27:35,590 [Thread-3: 7228]C:\Users\Administrator\PycharmProjects\riskcontrol\Gonghangguize\ghrule\views.py:post:74 INFO - 4000
2020-01-15 15:27:35,590 [Thread-3: 7228]C:\ProgramData\Anaconda3\lib\site-packages\django\core\servers\basehttp.py:log_message:124 INFO - "POST /gonghang/ HTTP/1.1" 200 14
