2020-01-13 16:49:43,461 [Thread-2: 11524]C:\ProgramData\Anaconda3\lib\site-packages\django\core\servers\basehttp.py:log_message:124 INFO - "POST /gonghang/ HTTP/1.1" 200 16
2020-01-13 16:50:09,386 [Thread-2: 11424]C:\ProgramData\Anaconda3\lib\site-packages\django\core\servers\basehttp.py:log_message:124 INFO - "POST /gonghang/ HTTP/1.1" 200 14
2020-01-13 16:50:29,625 [Thread-2: 5000]C:\Users\Administrator\Desktop\fsdo\Gonghangguize\ghrule\views.py:post:41 INFO - hellll
2020-01-13 16:50:29,896 [Thread-2: 5000]C:\ProgramData\Anaconda3\lib\site-packages\django\core\servers\basehttp.py:log_message:124 INFO - "POST /gonghang/ HTTP/1.1" 200 14
2020-01-13 17:23:50,270 [Thread-2: 9240]C:\Users\Administrator\Desktop\fsdo\Gonghangguize\ghrule\views.py:post:41 INFO - hellll
2020-01-13 17:23:50,521 [Thread-2: 9240]C:\ProgramData\Anaconda3\lib\site-packages\django\core\servers\basehttp.py:log_message:124 INFO - "POST /gonghang/ HTTP/1.1" 200 14
2020-01-13 17:24:28,532 [Thread-3: 11852]C:\Users\Administrator\Desktop\fsdo\Gonghangguize\ghrule\views.py:post:41 INFO - hellll
2020-01-13 17:24:28,994 [Thread-3: 11852]C:\ProgramData\Anaconda3\lib\site-packages\django\core\servers\basehttp.py:log_message:124 INFO - "POST /gonghang/ HTTP/1.1" 200 14
2020-01-13 17:25:05,600 [Thread-4: 9740]C:\Users\Administrator\Desktop\fsdo\Gonghangguize\ghrule\views.py:post:41 INFO - hellll
2020-01-13 17:25:05,845 [Thread-4: 9740]C:\ProgramData\Anaconda3\lib\site-packages\django\core\servers\basehttp.py:log_message:124 INFO - "POST /gonghang/ HTTP/1.1" 200 14
2020-01-13 17:27:37,577 [Thread-5: 6536]C:\Users\Administrator\Desktop\fsdo\Gonghangguize\ghrule\views.py:post:41 INFO - hellll
2020-01-13 17:27:37,818 [Thread-5: 6536]C:\ProgramData\Anaconda3\lib\site-packages\django\core\servers\basehttp.py:log_message:124 INFO - "POST /gonghang/ HTTP/1.1" 200 14
2020-01-13 17:34:54,698 [Thread-2: 2644]C:\Users\Administrator\Desktop\fsdo\Gonghangguize\ghrule\views.py:post:41 INFO - hellll
2020-01-13 17:34:54,927 [Thread-2: 2644]C:\ProgramData\Anaconda3\lib\site-packages\django\core\servers\basehttp.py:log_message:124 INFO - "POST /gonghang/ HTTP/1.1" 200 14
2020-01-14 10:07:29,982 [Thread-2: 4988]C:\Users\Administrator\Desktop\fsdo\Gonghangguize\ghrule\views.py:post:40 INFO - hellll
2020-01-14 10:07:30,036 [Thread-2: 4988]C:\ProgramData\Anaconda3\lib\site-packages\django\core\servers\basehttp.py:log_message:124 INFO - "POST /gonghang/ HTTP/1.1" 200 16
2020-01-14 10:08:27,401 [Thread-2: 10396]C:\ProgramData\Anaconda3\lib\site-packages\django\core\handlers\exception.py:handle_uncaught_exception:118 ERROR - Internal Server Error: /gonghang/
Traceback (most recent call last):
  File "C:\ProgramData\Anaconda3\lib\site-packages\django\core\handlers\exception.py", line 35, in inner
    response = get_response(request)
  File "C:\ProgramData\Anaconda3\lib\site-packages\django\core\handlers\base.py", line 128, in _get_response
    response = self.process_exception_by_middleware(e, request)
  File "C:\ProgramData\Anaconda3\lib\site-packages\django\core\handlers\base.py", line 126, in _get_response
    response = wrapped_callback(request, *callback_args, **callback_kwargs)
  File "C:\ProgramData\Anaconda3\lib\site-packages\django\views\decorators\csrf.py", line 54, in wrapped_view
    return view_func(*args, **kwargs)
  File "C:\ProgramData\Anaconda3\lib\site-packages\django\views\generic\base.py", line 69, in view
    return self.dispatch(request, *args, **kwargs)
  File "C:\ProgramData\Anaconda3\lib\site-packages\rest_framework\views.py", line 507, in dispatch
    self.response = self.finalize_response(request, response, *args, **kwargs)
  File "C:\ProgramData\Anaconda3\lib\site-packages\rest_framework\views.py", line 422, in finalize_response
    % type(response)
AssertionError: Expected a `Response`, `HttpResponse` or `HttpStreamingResponse` to be returned from the view, but received a `<class 'NoneType'>`
2020-01-14 10:08:27,592 [Thread-2: 10396]C:\ProgramData\Anaconda3\lib\site-packages\django\core\servers\basehttp.py:log_message:124 ERROR - "POST /gonghang/ HTTP/1.1" 500 80478
2020-01-14 10:09:39,669 [Thread-2: 16288]C:\ProgramData\Anaconda3\lib\site-packages\django\core\handlers\exception.py:handle_uncaught_exception:118 ERROR - Internal Server Error: /gonghang/
Traceback (most recent call last):
  File "C:\ProgramData\Anaconda3\lib\site-packages\django\core\handlers\exception.py", line 35, in inner
    response = get_response(request)
  File "C:\ProgramData\Anaconda3\lib\site-packages\django\core\handlers\base.py", line 128, in _get_response
    response = self.process_exception_by_middleware(e, request)
  File "C:\ProgramData\Anaconda3\lib\site-packages\django\core\handlers\base.py", line 126, in _get_response
    response = wrapped_callback(request, *callback_args, **callback_kwargs)
  File "C:\ProgramData\Anaconda3\lib\site-packages\django\views\decorators\csrf.py", line 54, in wrapped_view
    return view_func(*args, **kwargs)
  File "C:\ProgramData\Anaconda3\lib\site-packages\django\views\generic\base.py", line 69, in view
    return self.dispatch(request, *args, **kwargs)
  File "C:\ProgramData\Anaconda3\lib\site-packages\rest_framework\views.py", line 507, in dispatch
    self.response = self.finalize_response(request, response, *args, **kwargs)
  File "C:\ProgramData\Anaconda3\lib\site-packages\rest_framework\views.py", line 422, in finalize_response
    % type(response)
AssertionError: Expected a `Response`, `HttpResponse` or `HttpStreamingResponse` to be returned from the view, but received a `<class 'NoneType'>`
2020-01-14 10:09:39,691 [Thread-2: 16288]C:\ProgramData\Anaconda3\lib\site-packages\django\core\servers\basehttp.py:log_message:124 ERROR - "POST /gonghang/ HTTP/1.1" 500 80478
2020-01-14 10:11:42,828 [Thread-2: 14256]C:\ProgramData\Anaconda3\lib\site-packages\django\core\handlers\exception.py:handle_uncaught_exception:118 ERROR - Internal Server Error: /gonghang/
Traceback (most recent call last):
  File "C:\ProgramData\Anaconda3\lib\site-packages\django\core\handlers\exception.py", line 35, in inner
    response = get_response(request)
  File "C:\ProgramData\Anaconda3\lib\site-packages\django\core\handlers\base.py", line 128, in _get_response
    response = self.process_exception_by_middleware(e, request)
  File "C:\ProgramData\Anaconda3\lib\site-packages\django\core\handlers\base.py", line 126, in _get_response
    response = wrapped_callback(request, *callback_args, **callback_kwargs)
  File "C:\ProgramData\Anaconda3\lib\site-packages\django\views\decorators\csrf.py", line 54, in wrapped_view
    return view_func(*args, **kwargs)
  File "C:\ProgramData\Anaconda3\lib\site-packages\django\views\generic\base.py", line 69, in view
    return self.dispatch(request, *args, **kwargs)
  File "C:\ProgramData\Anaconda3\lib\site-packages\rest_framework\views.py", line 507, in dispatch
    self.response = self.finalize_response(request, response, *args, **kwargs)
  File "C:\ProgramData\Anaconda3\lib\site-packages\rest_framework\views.py", line 422, in finalize_response
    % type(response)
AssertionError: Expected a `Response`, `HttpResponse` or `HttpStreamingResponse` to be returned from the view, but received a `<class 'NoneType'>`
2020-01-14 10:11:42,849 [Thread-2: 14256]C:\ProgramData\Anaconda3\lib\site-packages\django\core\servers\basehttp.py:log_message:124 ERROR - "POST /gonghang/ HTTP/1.1" 500 80477
2020-01-14 10:15:03,293 [Thread-2: 8732]C:\Users\Administrator\Desktop\fsdo\Gonghangguize\ghrule\views.py:post:41 INFO - hellll
2020-01-14 10:15:03,549 [Thread-2: 8732]C:\ProgramData\Anaconda3\lib\site-packages\django\core\servers\basehttp.py:log_message:124 INFO - "POST /gonghang/ HTTP/1.1" 200 14
2020-01-14 10:33:55,517 [Thread-2: 15552]C:\Users\Administrator\Desktop\fsdo\Gonghangguize\ghrule\views.py:post:41 INFO - hellll
2020-01-14 10:33:55,782 [Thread-2: 15552]C:\ProgramData\Anaconda3\lib\site-packages\django\core\servers\basehttp.py:log_message:124 INFO - "POST /gonghang/ HTTP/1.1" 200 14
2020-01-14 10:38:23,589 [Thread-3: 14632]C:\ProgramData\Anaconda3\lib\site-packages\django\core\handlers\base.py:get_response:93 WARNING - Not Found: /pfk/a/
2020-01-14 10:38:23,590 [Thread-3: 14632]C:\ProgramData\Anaconda3\lib\site-packages\django\core\servers\basehttp.py:log_message:124 WARNING - "GET /pfk/a/ HTTP/1.1" 404 2075
2020-01-14 11:39:20,402 [Thread-4: 15160]C:\ProgramData\Anaconda3\lib\site-packages\django\core\handlers\exception.py:handle_uncaught_exception:118 ERROR - Internal Server Error: /gonghang/
Traceback (most recent call last):
  File "C:\ProgramData\Anaconda3\lib\site-packages\django\core\handlers\exception.py", line 35, in inner
    response = get_response(request)
  File "C:\ProgramData\Anaconda3\lib\site-packages\django\core\handlers\base.py", line 128, in _get_response
    response = self.process_exception_by_middleware(e, request)
  File "C:\ProgramData\Anaconda3\lib\site-packages\django\core\handlers\base.py", line 126, in _get_response
    response = wrapped_callback(request, *callback_args, **callback_kwargs)
  File "C:\ProgramData\Anaconda3\lib\site-packages\django\views\decorators\csrf.py", line 54, in wrapped_view
    return view_func(*args, **kwargs)
  File "C:\ProgramData\Anaconda3\lib\site-packages\django\views\generic\base.py", line 69, in view
    return self.dispatch(request, *args, **kwargs)
  File "C:\ProgramData\Anaconda3\lib\site-packages\rest_framework\views.py", line 507, in dispatch
    self.response = self.finalize_response(request, response, *args, **kwargs)
  File "C:\ProgramData\Anaconda3\lib\site-packages\rest_framework\views.py", line 422, in finalize_response
    % type(response)
AssertionError: Expected a `Response`, `HttpResponse` or `HttpStreamingResponse` to be returned from the view, but received a `<class 'NoneType'>`
2020-01-14 11:39:20,424 [Thread-4: 15160]C:\ProgramData\Anaconda3\lib\site-packages\django\core\servers\basehttp.py:log_message:124 ERROR - "POST /gonghang/ HTTP/1.1" 500 80477
2020-01-14 11:39:48,006 [Thread-2: 6704]C:\ProgramData\Anaconda3\lib\site-packages\django\core\handlers\exception.py:handle_uncaught_exception:118 ERROR - Internal Server Error: /gonghang/
Traceback (most recent call last):
  File "C:\ProgramData\Anaconda3\lib\site-packages\django\core\handlers\exception.py", line 35, in inner
    response = get_response(request)
  File "C:\ProgramData\Anaconda3\lib\site-packages\django\core\handlers\base.py", line 128, in _get_response
    response = self.process_exception_by_middleware(e, request)
  File "C:\ProgramData\Anaconda3\lib\site-packages\django\core\handlers\base.py", line 126, in _get_response
    response = wrapped_callback(request, *callback_args, **callback_kwargs)
  File "C:\ProgramData\Anaconda3\lib\site-packages\django\views\decorators\csrf.py", line 54, in wrapped_view
    return view_func(*args, **kwargs)
  File "C:\ProgramData\Anaconda3\lib\site-packages\django\views\generic\base.py", line 69, in view
    return self.dispatch(request, *args, **kwargs)
  File "C:\ProgramData\Anaconda3\lib\site-packages\rest_framework\views.py", line 507, in dispatch
    self.response = self.finalize_response(request, response, *args, **kwargs)
  File "C:\ProgramData\Anaconda3\lib\site-packages\rest_framework\views.py", line 422, in finalize_response
    % type(response)
AssertionError: Expected a `Response`, `HttpResponse` or `HttpStreamingResponse` to be returned from the view, but received a `<class 'NoneType'>`
2020-01-14 11:39:48,027 [Thread-2: 6704]C:\ProgramData\Anaconda3\lib\site-packages\django\core\servers\basehttp.py:log_message:124 ERROR - "POST /gonghang/ HTTP/1.1" 500 80478
2020-01-14 11:40:05,968 [Thread-3: 5220]C:\Users\Administrator\Desktop\fsdo\Gonghangguize\ghrule\views.py:post:41 INFO - hellll
2020-01-14 11:40:06,222 [Thread-3: 5220]C:\ProgramData\Anaconda3\lib\site-packages\django\core\servers\basehttp.py:log_message:124 INFO - "POST /gonghang/ HTTP/1.1" 200 14
2020-01-14 11:45:17,706 [Thread-4: 3288]C:\Users\Administrator\Desktop\fsdo\Gonghangguize\ghrule\views.py:post:41 INFO - hellll
2020-01-14 11:45:17,944 [Thread-4: 3288]C:\ProgramData\Anaconda3\lib\site-packages\django\core\servers\basehttp.py:log_message:124 INFO - "POST /gonghang/ HTTP/1.1" 200 14
2020-01-14 11:45:21,011 [Thread-5: 16316]C:\Users\Administrator\Desktop\fsdo\Gonghangguize\ghrule\views.py:post:41 INFO - hellll
2020-01-14 11:45:21,232 [Thread-5: 16316]C:\ProgramData\Anaconda3\lib\site-packages\django\core\servers\basehttp.py:log_message:124 INFO - "POST /gonghang/ HTTP/1.1" 200 14
2020-01-14 11:45:22,760 [Thread-6: 1488]C:\Users\Administrator\Desktop\fsdo\Gonghangguize\ghrule\views.py:post:41 INFO - hellll
2020-01-14 11:45:22,989 [Thread-6: 1488]C:\ProgramData\Anaconda3\lib\site-packages\django\core\servers\basehttp.py:log_message:124 INFO - "POST /gonghang/ HTTP/1.1" 200 14
2020-01-14 11:54:54,149 [Thread-7: 6404]C:\Users\Administrator\Desktop\fsdo\Gonghangguize\ghrule\views.py:post:41 INFO - hellll
2020-01-14 11:54:54,374 [Thread-7: 6404]C:\ProgramData\Anaconda3\lib\site-packages\django\core\servers\basehttp.py:log_message:124 INFO - "POST /gonghang/ HTTP/1.1" 200 14
2020-01-14 11:54:57,660 [Thread-8: 10704]C:\Users\Administrator\Desktop\fsdo\Gonghangguize\ghrule\views.py:post:41 INFO - hellll
2020-01-14 11:54:57,890 [Thread-8: 10704]C:\ProgramData\Anaconda3\lib\site-packages\django\core\servers\basehttp.py:log_message:124 INFO - "POST /gonghang/ HTTP/1.1" 200 14
2020-01-14 11:54:59,584 [Thread-9: 16048]C:\Users\Administrator\Desktop\fsdo\Gonghangguize\ghrule\views.py:post:41 INFO - hellll
2020-01-14 11:54:59,790 [Thread-9: 16048]C:\ProgramData\Anaconda3\lib\site-packages\django\core\servers\basehttp.py:log_message:124 INFO - "POST /gonghang/ HTTP/1.1" 200 14
2020-01-14 11:55:49,273 [Thread-10: 11916]C:\Users\Administrator\Desktop\fsdo\Gonghangguize\ghrule\views.py:post:41 INFO - hellll
2020-01-14 11:55:49,502 [Thread-10: 11916]C:\ProgramData\Anaconda3\lib\site-packages\django\core\servers\basehttp.py:log_message:124 INFO - "POST /gonghang/ HTTP/1.1" 200 14
2020-01-14 13:59:44,269 [Thread-2: 8832]C:\Users\Administrator\Desktop\fsdo\Gonghangguize\ghrule\views.py:post:41 INFO - hellll
2020-01-14 13:59:44,779 [Thread-2: 8832]C:\ProgramData\Anaconda3\lib\site-packages\django\core\servers\basehttp.py:log_message:124 INFO - "POST /gonghang/ HTTP/1.1" 200 14
2020-01-14 14:00:12,720 [Thread-3: 13184]C:\Users\Administrator\Desktop\fsdo\Gonghangguize\ghrule\views.py:post:41 INFO - hellll
2020-01-14 14:00:12,993 [Thread-3: 13184]C:\ProgramData\Anaconda3\lib\site-packages\django\core\servers\basehttp.py:log_message:124 INFO - "POST /gonghang/ HTTP/1.1" 200 14
2020-01-14 14:02:34,564 [Thread-4: 8856]C:\ProgramData\Anaconda3\lib\site-packages\django\core\handlers\exception.py:handle_uncaught_exception:118 ERROR - Internal Server Error: /gonghang/
Traceback (most recent call last):
  File "C:\ProgramData\Anaconda3\lib\site-packages\django\core\handlers\exception.py", line 35, in inner
    response = get_response(request)
  File "C:\ProgramData\Anaconda3\lib\site-packages\django\core\handlers\base.py", line 128, in _get_response
    response = self.process_exception_by_middleware(e, request)
  File "C:\ProgramData\Anaconda3\lib\site-packages\django\core\handlers\base.py", line 126, in _get_response
    response = wrapped_callback(request, *callback_args, **callback_kwargs)
  File "C:\ProgramData\Anaconda3\lib\site-packages\django\views\decorators\csrf.py", line 54, in wrapped_view
    return view_func(*args, **kwargs)
  File "C:\ProgramData\Anaconda3\lib\site-packages\django\views\generic\base.py", line 69, in view
    return self.dispatch(request, *args, **kwargs)
  File "C:\ProgramData\Anaconda3\lib\site-packages\rest_framework\views.py", line 507, in dispatch
    self.response = self.finalize_response(request, response, *args, **kwargs)
  File "C:\ProgramData\Anaconda3\lib\site-packages\rest_framework\views.py", line 422, in finalize_response
    % type(response)
AssertionError: Expected a `Response`, `HttpResponse` or `HttpStreamingResponse` to be returned from the view, but received a `<class 'NoneType'>`
2020-01-14 14:02:34,586 [Thread-4: 8856]C:\ProgramData\Anaconda3\lib\site-packages\django\core\servers\basehttp.py:log_message:124 ERROR - "POST /gonghang/ HTTP/1.1" 500 80478
2020-01-14 14:03:40,422 [Thread-5: 11548]C:\ProgramData\Anaconda3\lib\site-packages\django\core\handlers\exception.py:handle_uncaught_exception:118 ERROR - Internal Server Error: /gonghang/
Traceback (most recent call last):
  File "C:\ProgramData\Anaconda3\lib\site-packages\django\core\handlers\exception.py", line 35, in inner
    response = get_response(request)
  File "C:\ProgramData\Anaconda3\lib\site-packages\django\core\handlers\base.py", line 128, in _get_response
    response = self.process_exception_by_middleware(e, request)
  File "C:\ProgramData\Anaconda3\lib\site-packages\django\core\handlers\base.py", line 126, in _get_response
    response = wrapped_callback(request, *callback_args, **callback_kwargs)
  File "C:\ProgramData\Anaconda3\lib\site-packages\django\views\decorators\csrf.py", line 54, in wrapped_view
    return view_func(*args, **kwargs)
  File "C:\ProgramData\Anaconda3\lib\site-packages\django\views\generic\base.py", line 69, in view
    return self.dispatch(request, *args, **kwargs)
  File "C:\ProgramData\Anaconda3\lib\site-packages\rest_framework\views.py", line 507, in dispatch
    self.response = self.finalize_response(request, response, *args, **kwargs)
  File "C:\ProgramData\Anaconda3\lib\site-packages\rest_framework\views.py", line 422, in finalize_response
    % type(response)
AssertionError: Expected a `Response`, `HttpResponse` or `HttpStreamingResponse` to be returned from the view, but received a `<class 'NoneType'>`
2020-01-14 14:03:40,441 [Thread-5: 11548]C:\ProgramData\Anaconda3\lib\site-packages\django\core\servers\basehttp.py:log_message:124 ERROR - "POST /gonghang/ HTTP/1.1" 500 80478
2020-01-14 14:04:49,918 [Thread-6: 11840]C:\Users\Administrator\Desktop\fsdo\Gonghangguize\ghrule\views.py:post:41 INFO - hellll
2020-01-14 14:04:50,180 [Thread-6: 11840]C:\ProgramData\Anaconda3\lib\site-packages\django\core\servers\basehttp.py:log_message:124 INFO - "POST /gonghang/ HTTP/1.1" 200 14
2020-01-14 14:04:55,319 [Thread-7: 15592]C:\Users\Administrator\Desktop\fsdo\Gonghangguize\ghrule\views.py:post:41 INFO - hellll
2020-01-14 14:04:55,591 [Thread-7: 15592]C:\ProgramData\Anaconda3\lib\site-packages\django\core\servers\basehttp.py:log_message:124 INFO - "POST /gonghang/ HTTP/1.1" 200 14
2020-01-14 14:04:57,163 [Thread-8: 7828]C:\Users\Administrator\Desktop\fsdo\Gonghangguize\ghrule\views.py:post:41 INFO - hellll
2020-01-14 14:04:57,407 [Thread-8: 7828]C:\ProgramData\Anaconda3\lib\site-packages\django\core\servers\basehttp.py:log_message:124 INFO - "POST /gonghang/ HTTP/1.1" 200 14
2020-01-14 14:07:05,520 [Thread-9: 11984]C:\ProgramData\Anaconda3\lib\site-packages\django\core\handlers\exception.py:handle_uncaught_exception:118 ERROR - Internal Server Error: /gonghang/
Traceback (most recent call last):
  File "C:\ProgramData\Anaconda3\lib\site-packages\django\core\handlers\exception.py", line 35, in inner
    response = get_response(request)
  File "C:\ProgramData\Anaconda3\lib\site-packages\django\core\handlers\base.py", line 128, in _get_response
    response = self.process_exception_by_middleware(e, request)
  File "C:\ProgramData\Anaconda3\lib\site-packages\django\core\handlers\base.py", line 126, in _get_response
    response = wrapped_callback(request, *callback_args, **callback_kwargs)
  File "C:\ProgramData\Anaconda3\lib\site-packages\django\views\decorators\csrf.py", line 54, in wrapped_view
    return view_func(*args, **kwargs)
  File "C:\ProgramData\Anaconda3\lib\site-packages\django\views\generic\base.py", line 69, in view
    return self.dispatch(request, *args, **kwargs)
  File "C:\ProgramData\Anaconda3\lib\site-packages\rest_framework\views.py", line 507, in dispatch
    self.response = self.finalize_response(request, response, *args, **kwargs)
  File "C:\ProgramData\Anaconda3\lib\site-packages\rest_framework\views.py", line 422, in finalize_response
    % type(response)
AssertionError: Expected a `Response`, `HttpResponse` or `HttpStreamingResponse` to be returned from the view, but received a `<class 'NoneType'>`
2020-01-14 14:07:05,561 [Thread-9: 11984]C:\ProgramData\Anaconda3\lib\site-packages\django\core\servers\basehttp.py:log_message:124 ERROR - "POST /gonghang/ HTTP/1.1" 500 80478
2020-01-14 14:07:36,699 [Thread-10: 7672]C:\ProgramData\Anaconda3\lib\site-packages\django\core\handlers\exception.py:handle_uncaught_exception:118 ERROR - Internal Server Error: /gonghang/
Traceback (most recent call last):
  File "C:\ProgramData\Anaconda3\lib\site-packages\django\core\handlers\exception.py", line 35, in inner
    response = get_response(request)
  File "C:\ProgramData\Anaconda3\lib\site-packages\django\core\handlers\base.py", line 128, in _get_response
    response = self.process_exception_by_middleware(e, request)
  File "C:\ProgramData\Anaconda3\lib\site-packages\django\core\handlers\base.py", line 126, in _get_response
    response = wrapped_callback(request, *callback_args, **callback_kwargs)
  File "C:\ProgramData\Anaconda3\lib\site-packages\django\views\decorators\csrf.py", line 54, in wrapped_view
    return view_func(*args, **kwargs)
  File "C:\ProgramData\Anaconda3\lib\site-packages\django\views\generic\base.py", line 69, in view
    return self.dispatch(request, *args, **kwargs)
  File "C:\ProgramData\Anaconda3\lib\site-packages\rest_framework\views.py", line 507, in dispatch
    self.response = self.finalize_response(request, response, *args, **kwargs)
  File "C:\ProgramData\Anaconda3\lib\site-packages\rest_framework\views.py", line 422, in finalize_response
    % type(response)
AssertionError: Expected a `Response`, `HttpResponse` or `HttpStreamingResponse` to be returned from the view, but received a `<class 'NoneType'>`
2020-01-14 14:07:36,717 [Thread-10: 7672]C:\ProgramData\Anaconda3\lib\site-packages\django\core\servers\basehttp.py:log_message:124 ERROR - "POST /gonghang/ HTTP/1.1" 500 80478
2020-01-14 14:10:58,909 [Thread-2: 14460]C:\ProgramData\Anaconda3\lib\site-packages\django\core\handlers\exception.py:handle_uncaught_exception:118 ERROR - Internal Server Error: /gonghang/
Traceback (most recent call last):
  File "C:\ProgramData\Anaconda3\lib\site-packages\django\core\handlers\exception.py", line 35, in inner
    response = get_response(request)
  File "C:\ProgramData\Anaconda3\lib\site-packages\django\core\handlers\base.py", line 128, in _get_response
    response = self.process_exception_by_middleware(e, request)
  File "C:\ProgramData\Anaconda3\lib\site-packages\django\core\handlers\base.py", line 126, in _get_response
    response = wrapped_callback(request, *callback_args, **callback_kwargs)
  File "C:\ProgramData\Anaconda3\lib\site-packages\django\views\decorators\csrf.py", line 54, in wrapped_view
    return view_func(*args, **kwargs)
  File "C:\ProgramData\Anaconda3\lib\site-packages\django\views\generic\base.py", line 69, in view
    return self.dispatch(request, *args, **kwargs)
  File "C:\ProgramData\Anaconda3\lib\site-packages\rest_framework\views.py", line 507, in dispatch
    self.response = self.finalize_response(request, response, *args, **kwargs)
  File "C:\ProgramData\Anaconda3\lib\site-packages\rest_framework\views.py", line 422, in finalize_response
    % type(response)
AssertionError: Expected a `Response`, `HttpResponse` or `HttpStreamingResponse` to be returned from the view, but received a `<class 'NoneType'>`
2020-01-14 14:10:58,930 [Thread-2: 14460]C:\ProgramData\Anaconda3\lib\site-packages\django\core\servers\basehttp.py:log_message:124 ERROR - "POST /gonghang/ HTTP/1.1" 500 80217
2020-01-14 14:15:16,007 [Thread-2: 6516]C:\ProgramData\Anaconda3\lib\site-packages\django\core\handlers\exception.py:handle_uncaught_exception:118 ERROR - Internal Server Error: /gonghang/
Traceback (most recent call last):
  File "C:\ProgramData\Anaconda3\lib\site-packages\django\core\handlers\exception.py", line 35, in inner
    response = get_response(request)
  File "C:\ProgramData\Anaconda3\lib\site-packages\django\core\handlers\base.py", line 128, in _get_response
    response = self.process_exception_by_middleware(e, request)
  File "C:\ProgramData\Anaconda3\lib\site-packages\django\core\handlers\base.py", line 126, in _get_response
    response = wrapped_callback(request, *callback_args, **callback_kwargs)
  File "C:\ProgramData\Anaconda3\lib\site-packages\django\views\decorators\csrf.py", line 54, in wrapped_view
    return view_func(*args, **kwargs)
  File "C:\ProgramData\Anaconda3\lib\site-packages\django\views\generic\base.py", line 69, in view
    return self.dispatch(request, *args, **kwargs)
  File "C:\ProgramData\Anaconda3\lib\site-packages\rest_framework\views.py", line 507, in dispatch
    self.response = self.finalize_response(request, response, *args, **kwargs)
  File "C:\ProgramData\Anaconda3\lib\site-packages\rest_framework\views.py", line 422, in finalize_response
    % type(response)
AssertionError: Expected a `Response`, `HttpResponse` or `HttpStreamingResponse` to be returned from the view, but received a `<class 'NoneType'>`
2020-01-14 14:15:16,027 [Thread-2: 6516]C:\ProgramData\Anaconda3\lib\site-packages\django\core\servers\basehttp.py:log_message:124 ERROR - "POST /gonghang/ HTTP/1.1" 500 80217
2020-01-14 14:17:41,761 [Thread-3: 15828]C:\Users\Administrator\Desktop\fsdo\Gonghangguize\ghrule\views.py:post:41 INFO - hellll
2020-01-14 14:17:42,031 [Thread-3: 15828]C:\ProgramData\Anaconda3\lib\site-packages\django\core\servers\basehttp.py:log_message:124 INFO - "POST /gonghang/ HTTP/1.1" 200 14
2020-01-14 14:19:51,588 [Thread-4: 14976]C:\Users\Administrator\Desktop\fsdo\Gonghangguize\ghrule\views.py:post:41 INFO - hellll
2020-01-14 14:19:51,865 [Thread-4: 14976]C:\ProgramData\Anaconda3\lib\site-packages\django\core\servers\basehttp.py:log_message:124 INFO - "POST /gonghang/ HTTP/1.1" 200 14
2020-01-14 14:19:58,765 [Thread-5: 8600]C:\ProgramData\Anaconda3\lib\site-packages\django\core\handlers\exception.py:handle_uncaught_exception:118 ERROR - Internal Server Error: /gonghang/
Traceback (most recent call last):
  File "C:\ProgramData\Anaconda3\lib\site-packages\django\core\handlers\exception.py", line 35, in inner
    response = get_response(request)
  File "C:\ProgramData\Anaconda3\lib\site-packages\django\core\handlers\base.py", line 128, in _get_response
    response = self.process_exception_by_middleware(e, request)
  File "C:\ProgramData\Anaconda3\lib\site-packages\django\core\handlers\base.py", line 126, in _get_response
    response = wrapped_callback(request, *callback_args, **callback_kwargs)
  File "C:\ProgramData\Anaconda3\lib\site-packages\django\views\decorators\csrf.py", line 54, in wrapped_view
    return view_func(*args, **kwargs)
  File "C:\ProgramData\Anaconda3\lib\site-packages\django\views\generic\base.py", line 69, in view
    return self.dispatch(request, *args, **kwargs)
  File "C:\ProgramData\Anaconda3\lib\site-packages\rest_framework\views.py", line 507, in dispatch
    self.response = self.finalize_response(request, response, *args, **kwargs)
  File "C:\ProgramData\Anaconda3\lib\site-packages\rest_framework\views.py", line 422, in finalize_response
    % type(response)
AssertionError: Expected a `Response`, `HttpResponse` or `HttpStreamingResponse` to be returned from the view, but received a `<class 'NoneType'>`
2020-01-14 14:19:58,807 [Thread-5: 8600]C:\ProgramData\Anaconda3\lib\site-packages\django\core\servers\basehttp.py:log_message:124 ERROR - "POST /gonghang/ HTTP/1.1" 500 80217
2020-01-14 14:45:10,424 [Thread-2: 7572]C:\Users\Administrator\Desktop\fsdo\Gonghangguize\ghrule\views.py:post:41 INFO - hellll
2020-01-14 14:45:10,660 [Thread-2: 7572]C:\ProgramData\Anaconda3\lib\site-packages\django\core\servers\basehttp.py:log_message:124 INFO - "POST /gonghang/ HTTP/1.1" 200 14
2020-01-14 14:46:34,765 [Thread-2: 14508]C:\Users\Administrator\Desktop\fsdo\Gonghangguize\ghrule\views.py:post:41 INFO - hellll
2020-01-14 14:46:35,015 [Thread-2: 14508]C:\ProgramData\Anaconda3\lib\site-packages\django\core\servers\basehttp.py:log_message:124 INFO - "POST /gonghang/ HTTP/1.1" 200 14
2020-01-14 15:21:04,225 [Thread-2: 6348]C:\Users\Administrator\Desktop\fsdo\Gonghangguize\ghrule\views.py:post:41 INFO - hellll
2020-01-14 15:21:04,471 [Thread-2: 6348]C:\ProgramData\Anaconda3\lib\site-packages\django\core\servers\basehttp.py:log_message:124 INFO - "POST /gonghang/ HTTP/1.1" 200 14
2020-01-14 15:24:41,836 [Thread-2: 10564]C:\Users\Administrator\Desktop\fsdo\Gonghangguize\ghrule\views.py:post:41 INFO - hellll
2020-01-14 15:24:42,075 [Thread-2: 10564]C:\ProgramData\Anaconda3\lib\site-packages\django\core\servers\basehttp.py:log_message:124 INFO - "POST /gonghang/ HTTP/1.1" 200 14
2020-01-14 16:21:34,206 [Thread-2: 17148]C:\Users\Administrator\Desktop\fsdo\Gonghangguize\ghrule\views.py:post:41 INFO - hellll
2020-01-14 16:21:34,457 [Thread-2: 17148]C:\ProgramData\Anaconda3\lib\site-packages\django\core\servers\basehttp.py:log_message:124 INFO - "POST /gonghang/ HTTP/1.1" 200 14
2020-01-14 19:04:37,846 [Thread-3: 7500]C:\Users\Administrator\Desktop\fsdo\Gonghangguize\ghrule\views.py:post:41 INFO - hellll
2020-01-14 19:04:38,127 [Thread-3: 7500]C:\ProgramData\Anaconda3\lib\site-packages\django\core\servers\basehttp.py:log_message:124 INFO - "POST /gonghang/ HTTP/1.1" 200 14
2020-01-14 19:06:17,711 [Thread-2: 7128]C:\Users\Administrator\Desktop\fsdo\Gonghangguize\ghrule\views.py:post:41 INFO - hellll
2020-01-14 19:06:17,954 [Thread-2: 7128]C:\ProgramData\Anaconda3\lib\site-packages\django\core\servers\basehttp.py:log_message:124 INFO - "POST /gonghang/ HTTP/1.1" 200 14
2020-01-14 19:07:28,214 [Thread-3: 12488]C:\Users\Administrator\Desktop\fsdo\Gonghangguize\ghrule\views.py:post:41 INFO - hellll
2020-01-14 19:07:28,457 [Thread-3: 12488]C:\ProgramData\Anaconda3\lib\site-packages\django\core\servers\basehttp.py:log_message:124 INFO - "POST /gonghang/ HTTP/1.1" 200 14
2020-01-14 20:05:09,042 [Thread-2: 14452]C:\Users\Administrator\Desktop\fsdo\Gonghangguize\ghrule\views.py:post:41 INFO - hellll
2020-01-14 20:05:09,299 [Thread-2: 14452]C:\ProgramData\Anaconda3\lib\site-packages\django\core\servers\basehttp.py:log_message:124 INFO - "POST /gonghang/ HTTP/1.1" 200 14
